
RAxML-NG v. 1.1-master released on 29.11.2021 by The Exelixis Lab.
Developed by: Alexey M. Kozlov and Alexandros Stamatakis.
Contributors: Diego Darriba, Tomas Flouri, Benoit Morel, Sarah Lutteropp, Ben Bettisworth.
Latest version: https://github.com/amkozlov/raxml-ng
Questions/problems/suggestions? Please visit: https://groups.google.com/forum/#!forum/raxml

System: Intel(R) Core(TM) i5-8279U CPU @ 2.40GHz, 4 cores, 16 GB RAM

RAxML-NG was called at 27-Apr-2023 21:49:26 as follows:

raxml-ng --msa ./clustalw_segmented_compiled-HA.fasta.raxml.reduced.phy --model GTR+G --prefix perth_clustalw --threads 2 --seed 920

Analysis options:
  run mode: ML tree search
  start tree(s): random (10) + parsimony (10)
  random seed: 920
  tip-inner: OFF
  pattern compression: ON
  per-rate scalers: OFF
  site repeats: ON
  fast spr radius: AUTO
  spr subtree cutoff: 1.000000
  branch lengths: proportional (ML estimate, algorithm: NR-FAST)
  SIMD kernels: AVX2
  parallelization: coarse-grained (auto), PTHREADS (2 threads), thread pinning: OFF

[00:00:00] Reading alignment from file: ./clustalw_segmented_compiled-HA.fasta.raxml.reduced.phy
[00:00:00] Loaded alignment with 34 taxa and 1732 sites

Alignment comprises 1 partitions and 115 patterns

Partition 0: noname
Model: GTR+FO+G4m
Alignment sites / patterns: 1732 / 115
Gaps: 0.00 %
Invariant sites: 91.69 %


NOTE: Binary MSA file created: perth_clustalw.raxml.rba

Parallelization scheme autoconfig: 2 worker(s) x 1 thread(s)

Parallel reduction/worker buffer size: 1 KB  / 0 KB

[00:00:00] Generating 10 random starting tree(s) with 34 taxa
[00:00:00] Generating 10 parsimony starting tree(s) with 34 taxa
[00:00:00] Data distribution: max. partitions/sites/weight per thread: 1 / 115 / 1840
[00:00:00] Data distribution: max. searches per worker: 10

Starting ML tree search with 20 distinct starting trees

[00:00:00 -8013.999938] Initial branch length optimization
[00:00:00 -5196.167849] Model parameter optimization (eps = 10.000000)
[00:00:00 -4647.236268] AUTODETECT spr round 1 (radius: 5)
[00:00:00 -3684.456656] AUTODETECT spr round 2 (radius: 10)
[00:00:00 -3652.391797] AUTODETECT spr round 3 (radius: 15)
[00:00:00 -3652.391795] SPR radius for FAST iterations: 10 (autodetect)
[00:00:00 -3652.391795] Model parameter optimization (eps = 3.000000)
[00:00:00 -3646.447452] FAST spr round 1 (radius: 10)
[00:00:00 -3602.371121] FAST spr round 2 (radius: 10)
[00:00:00 -3602.371104] Model parameter optimization (eps = 1.000000)
[00:00:00 -3602.236260] SLOW spr round 1 (radius: 5)
[00:00:00 -3602.236238] SLOW spr round 2 (radius: 10)
[00:00:00 -3602.236238] SLOW spr round 3 (radius: 15)
[00:00:00 -3602.236238] SLOW spr round 4 (radius: 20)
[00:00:00] [worker #1] ML tree search #2, logLikelihood: -3602.236250
[00:00:00 -3602.236238] SLOW spr round 5 (radius: 25)
[00:00:00 -3602.236238] Model parameter optimization (eps = 0.100000)

[00:00:00] [worker #0] ML tree search #1, logLikelihood: -3602.236219

[00:00:00 -7970.364661] Initial branch length optimization
[00:00:00 -5108.238382] Model parameter optimization (eps = 10.000000)
[00:00:00 -4575.335952] AUTODETECT spr round 1 (radius: 5)
[00:00:00 -3710.740753] AUTODETECT spr round 2 (radius: 10)
[00:00:00 -3630.117944] AUTODETECT spr round 3 (radius: 15)
[00:00:00 -3630.117936] SPR radius for FAST iterations: 10 (autodetect)
[00:00:00 -3630.117936] Model parameter optimization (eps = 3.000000)
[00:00:00 -3625.631731] FAST spr round 1 (radius: 10)
[00:00:00 -3602.302500] FAST spr round 2 (radius: 10)
[00:00:00 -3602.302499] Model parameter optimization (eps = 1.000000)
[00:00:00 -3602.236353] SLOW spr round 1 (radius: 5)
[00:00:00 -3602.236327] SLOW spr round 2 (radius: 10)
[00:00:01 -3602.236327] SLOW spr round 3 (radius: 15)
[00:00:01 -3602.236327] SLOW spr round 4 (radius: 20)
[00:00:01 -3602.236327] SLOW spr round 5 (radius: 25)
[00:00:01 -3602.236327] Model parameter optimization (eps = 0.100000)

[00:00:01] [worker #0] ML tree search #3, logLikelihood: -3602.236241

[00:00:01 -7839.082748] Initial branch length optimization
[00:00:01 -4860.062919] Model parameter optimization (eps = 10.000000)
[00:00:01] [worker #1] ML tree search #4, logLikelihood: -3602.236211
[00:00:01 -4415.878062] AUTODETECT spr round 1 (radius: 5)
[00:00:01 -3785.066690] AUTODETECT spr round 2 (radius: 10)
[00:00:01 -3662.632929] AUTODETECT spr round 3 (radius: 15)
[00:00:01 -3662.632818] SPR radius for FAST iterations: 10 (autodetect)
[00:00:01 -3662.632818] Model parameter optimization (eps = 3.000000)
[00:00:01 -3658.277921] FAST spr round 1 (radius: 10)
[00:00:01 -3602.375260] FAST spr round 2 (radius: 10)
[00:00:01 -3602.375251] Model parameter optimization (eps = 1.000000)
[00:00:01 -3602.236613] SLOW spr round 1 (radius: 5)
[00:00:01 -3602.236593] SLOW spr round 2 (radius: 10)
[00:00:01 -3602.236593] SLOW spr round 3 (radius: 15)
[00:00:01 -3602.236593] SLOW spr round 4 (radius: 20)
[00:00:01 -3602.236593] SLOW spr round 5 (radius: 25)
[00:00:01 -3602.236593] Model parameter optimization (eps = 0.100000)

[00:00:01] [worker #0] ML tree search #5, logLikelihood: -3602.236254

[00:00:01 -8021.365482] Initial branch length optimization
[00:00:01 -5230.710675] Model parameter optimization (eps = 10.000000)
[00:00:01 -4647.510635] AUTODETECT spr round 1 (radius: 5)
[00:00:01] [worker #1] ML tree search #6, logLikelihood: -3602.236236
[00:00:01 -3767.803903] AUTODETECT spr round 2 (radius: 10)
[00:00:01 -3674.509851] AUTODETECT spr round 3 (radius: 15)
[00:00:01 -3674.508881] SPR radius for FAST iterations: 10 (autodetect)
[00:00:01 -3674.508881] Model parameter optimization (eps = 3.000000)
[00:00:01 -3668.670380] FAST spr round 1 (radius: 10)
[00:00:01 -3602.312595] FAST spr round 2 (radius: 10)
[00:00:01 -3602.312576] Model parameter optimization (eps = 1.000000)
[00:00:01 -3602.236402] SLOW spr round 1 (radius: 5)
[00:00:01 -3602.236400] SLOW spr round 2 (radius: 10)
[00:00:02 -3602.236400] SLOW spr round 3 (radius: 15)
[00:00:02 -3602.236400] SLOW spr round 4 (radius: 20)
[00:00:02 -3602.236400] SLOW spr round 5 (radius: 25)
[00:00:02 -3602.236400] Model parameter optimization (eps = 0.100000)

[00:00:02] [worker #0] ML tree search #7, logLikelihood: -3602.236221

[00:00:02 -7952.568432] Initial branch length optimization
[00:00:02 -5131.769473] Model parameter optimization (eps = 10.000000)
[00:00:02] [worker #1] ML tree search #8, logLikelihood: -3602.236228
[00:00:02 -4601.917440] AUTODETECT spr round 1 (radius: 5)
[00:00:02 -3767.486428] AUTODETECT spr round 2 (radius: 10)
[00:00:02 -3626.683825] AUTODETECT spr round 3 (radius: 15)
[00:00:02 -3626.683822] SPR radius for FAST iterations: 10 (autodetect)
[00:00:02 -3626.683822] Model parameter optimization (eps = 3.000000)
[00:00:02 -3622.503299] FAST spr round 1 (radius: 10)
[00:00:02 -3602.290433] FAST spr round 2 (radius: 10)
[00:00:02 -3602.290428] Model parameter optimization (eps = 1.000000)
[00:00:02 -3602.236231] SLOW spr round 1 (radius: 5)
[00:00:02 -3602.236214] SLOW spr round 2 (radius: 10)
[00:00:02 -3602.236214] SLOW spr round 3 (radius: 15)
[00:00:02 -3602.236214] SLOW spr round 4 (radius: 20)
[00:00:02 -3602.236214] SLOW spr round 5 (radius: 25)
[00:00:02 -3602.236214] Model parameter optimization (eps = 0.100000)

[00:00:02] [worker #0] ML tree search #9, logLikelihood: -3602.236208

[00:00:02 -7031.556680] Initial branch length optimization
[00:00:02 -3762.794726] Model parameter optimization (eps = 10.000000)
[00:00:02 -3605.404250] AUTODETECT spr round 1 (radius: 5)
[00:00:02] [worker #1] ML tree search #10, logLikelihood: -3602.236282
[00:00:02 -3602.253492] AUTODETECT spr round 2 (radius: 10)
[00:00:02 -3602.253491] SPR radius for FAST iterations: 5 (autodetect)
[00:00:02 -3602.253491] Model parameter optimization (eps = 3.000000)
[00:00:02 -3602.236307] FAST spr round 1 (radius: 5)
[00:00:02 -3602.236307] Model parameter optimization (eps = 1.000000)
[00:00:02 -3602.236305] SLOW spr round 1 (radius: 5)
[00:00:02 -3602.236285] SLOW spr round 2 (radius: 10)
[00:00:02 -3602.236285] SLOW spr round 3 (radius: 15)
[00:00:02 -3602.236285] SLOW spr round 4 (radius: 20)
[00:00:03 -3602.236285] SLOW spr round 5 (radius: 25)
[00:00:03 -3602.236285] Model parameter optimization (eps = 0.100000)

[00:00:03] [worker #0] ML tree search #11, logLikelihood: -3602.236283

[00:00:03 -7027.569280] Initial branch length optimization
[00:00:03 -3757.680451] Model parameter optimization (eps = 10.000000)
[00:00:03] [worker #1] ML tree search #12, logLikelihood: -3602.236217
[00:00:03 -3602.239425] AUTODETECT spr round 1 (radius: 5)
[00:00:03 -3602.239363] SPR radius for FAST iterations: 5 (autodetect)
[00:00:03 -3602.239363] Model parameter optimization (eps = 3.000000)
[00:00:03 -3602.236234] FAST spr round 1 (radius: 5)
[00:00:03 -3602.236234] Model parameter optimization (eps = 1.000000)
[00:00:03 -3602.236231] SLOW spr round 1 (radius: 5)
[00:00:03 -3602.236222] SLOW spr round 2 (radius: 10)
[00:00:03 -3602.236222] SLOW spr round 3 (radius: 15)
[00:00:03 -3602.236222] SLOW spr round 4 (radius: 20)
[00:00:03 -3602.236222] SLOW spr round 5 (radius: 25)
[00:00:03 -3602.236222] Model parameter optimization (eps = 0.100000)

[00:00:03] [worker #0] ML tree search #13, logLikelihood: -3602.236221

[00:00:03 -7027.530445] Initial branch length optimization
[00:00:03 -3757.682891] Model parameter optimization (eps = 10.000000)
[00:00:03] [worker #1] ML tree search #14, logLikelihood: -3602.236215
[00:00:03 -3602.239443] AUTODETECT spr round 1 (radius: 5)
[00:00:03 -3602.239374] SPR radius for FAST iterations: 5 (autodetect)
[00:00:03 -3602.239374] Model parameter optimization (eps = 3.000000)
[00:00:03 -3602.236253] FAST spr round 1 (radius: 5)
[00:00:03 -3602.236253] Model parameter optimization (eps = 1.000000)
[00:00:03 -3602.236247] SLOW spr round 1 (radius: 5)
[00:00:03 -3602.236230] SLOW spr round 2 (radius: 10)
[00:00:03 -3602.236230] SLOW spr round 3 (radius: 15)
[00:00:03 -3602.236230] SLOW spr round 4 (radius: 20)
[00:00:03 -3602.236230] SLOW spr round 5 (radius: 25)
[00:00:03 -3602.236230] Model parameter optimization (eps = 0.100000)

[00:00:03] [worker #0] ML tree search #15, logLikelihood: -3602.236227

[00:00:03 -7030.944999] Initial branch length optimization
[00:00:03 -3762.466659] Model parameter optimization (eps = 10.000000)
[00:00:03] [worker #1] ML tree search #16, logLikelihood: -3602.236229
[00:00:03 -3605.229680] AUTODETECT spr round 1 (radius: 5)
[00:00:03 -3602.238174] AUTODETECT spr round 2 (radius: 10)
[00:00:03 -3602.238174] SPR radius for FAST iterations: 5 (autodetect)
[00:00:03 -3602.238174] Model parameter optimization (eps = 3.000000)
[00:00:03 -3602.236247] FAST spr round 1 (radius: 5)
[00:00:03 -3602.236247] Model parameter optimization (eps = 1.000000)
[00:00:03 -3602.236242] SLOW spr round 1 (radius: 5)
[00:00:03 -3602.236212] SLOW spr round 2 (radius: 10)
[00:00:04 -3602.236212] SLOW spr round 3 (radius: 15)
[00:00:04 -3602.236212] SLOW spr round 4 (radius: 20)
[00:00:04 -3602.236212] SLOW spr round 5 (radius: 25)
[00:00:04 -3602.236212] Model parameter optimization (eps = 0.100000)

[00:00:04] [worker #0] ML tree search #17, logLikelihood: -3602.236209

[00:00:04 -7027.568563] Initial branch length optimization
[00:00:04 -3757.693304] Model parameter optimization (eps = 10.000000)
[00:00:04] [worker #1] ML tree search #18, logLikelihood: -3602.236222
[00:00:04 -3602.239398] AUTODETECT spr round 1 (radius: 5)
[00:00:04 -3602.239338] SPR radius for FAST iterations: 5 (autodetect)
[00:00:04 -3602.239338] Model parameter optimization (eps = 3.000000)
[00:00:04 -3602.236243] FAST spr round 1 (radius: 5)
[00:00:04 -3602.236243] Model parameter optimization (eps = 1.000000)
[00:00:04 -3602.236238] SLOW spr round 1 (radius: 5)
[00:00:04 -3602.236226] SLOW spr round 2 (radius: 10)
[00:00:04 -3602.236226] SLOW spr round 3 (radius: 15)
[00:00:04 -3602.236226] SLOW spr round 4 (radius: 20)
[00:00:04 -3602.236226] SLOW spr round 5 (radius: 25)
[00:00:04 -3602.236226] Model parameter optimization (eps = 0.100000)

[00:00:04] [worker #0] ML tree search #19, logLikelihood: -3602.236224

[00:00:04] [worker #1] ML tree search #20, logLikelihood: -3602.236222

Optimized model parameters:

   Partition 0: noname
   Rate heterogeneity: GAMMA (4 cats, mean),  alpha: 0.020121 (ML),  weights&rates: (0.250000,0.000000) (0.250000,0.000000) (0.250000,0.000001) (0.250000,3.999999) 
   Base frequencies (ML): 0.344071 0.198662 0.217799 0.239469 
   Substitution rates (ML): 1.377947 6.172269 0.246173 0.001000 6.631162 1.000000 


Final LogLikelihood: -3602.236208

AIC score: 7352.472416 / AICc score: 7359.171270 / BIC score: 7756.292791
Free parameters (model + branch lengths): 74

WARNING: Best ML tree contains 14 near-zero branches!

Best ML tree with collapsed near-zero branches saved to: /Users/rieshunter/Library/CloudStorage/GoogleDrive-hries@wisc.edu/Shared drives/TCF lab/Current Lab Members/Hunter_Ries/_Admin/Thesis/Coursework/Phylo/myProject/data/perth/perth_clustalw.raxml.bestTreeCollapsed
Best ML tree saved to: /Users/rieshunter/Library/CloudStorage/GoogleDrive-hries@wisc.edu/Shared drives/TCF lab/Current Lab Members/Hunter_Ries/_Admin/Thesis/Coursework/Phylo/myProject/data/perth/perth_clustalw.raxml.bestTree
All ML trees saved to: /Users/rieshunter/Library/CloudStorage/GoogleDrive-hries@wisc.edu/Shared drives/TCF lab/Current Lab Members/Hunter_Ries/_Admin/Thesis/Coursework/Phylo/myProject/data/perth/perth_clustalw.raxml.mlTrees
Optimized model saved to: /Users/rieshunter/Library/CloudStorage/GoogleDrive-hries@wisc.edu/Shared drives/TCF lab/Current Lab Members/Hunter_Ries/_Admin/Thesis/Coursework/Phylo/myProject/data/perth/perth_clustalw.raxml.bestModel

Execution log saved to: /Users/rieshunter/Library/CloudStorage/GoogleDrive-hries@wisc.edu/Shared drives/TCF lab/Current Lab Members/Hunter_Ries/_Admin/Thesis/Coursework/Phylo/myProject/data/perth/perth_clustalw.raxml.log

Analysis started: 27-Apr-2023 21:49:26 / finished: 27-Apr-2023 21:49:30

Elapsed time: 4.511 seconds

