
RAxML-NG v. 1.1.0 released on 29.11.2021 by The Exelixis Lab.
Developed by: Alexey M. Kozlov and Alexandros Stamatakis.
Contributors: Diego Darriba, Tomas Flouri, Benoit Morel, Sarah Lutteropp, Ben Bettisworth.
Latest version: https://github.com/amkozlov/raxml-ng
Questions/problems/suggestions? Please visit: https://groups.google.com/forum/#!forum/raxml

System: Intel(R) Core(TM) i5-7360U CPU @ 2.30GHz, 2 cores, 7 GB RAM

RAxML-NG was called at 30-Mar-2023 20:13:11 as follows:

raxml-ng --check --msa muscle_segmented_compiled-HA.fasta.raxml.reduced.phy --model GTR+G

Analysis options:
  run mode: Alignment validation
  start tree(s): 
  random seed: 1680225191
  SIMD kernels: AVX2
  parallelization: coarse-grained (auto), PTHREADS (auto)

[00:00:00] Reading alignment from file: muscle_segmented_compiled-HA.fasta.raxml.reduced.phy
[00:00:00] Loaded alignment with 31 taxa and 1751 sites

Alignment comprises 1 partitions and 1751 sites

Partition 0: noname
Model: GTR+FO+G4m
Alignment sites: 1751
Gaps: 0.00 %
Invariant sites: 95.26 %



Alignment can be successfully read by RAxML-NG.


Execution log saved to: /home/rieshunter/Code/myProject/data/HK_1/parsed_fa/muscle/raxml-ng/muscle_segmented_compiled-HA.fasta.raxml.reduced.phy.raxml.log

Analysis started: 30-Mar-2023 20:13:11 / finished: 30-Mar-2023 20:13:11

Elapsed time: 0.021 seconds

