
RAxML-NG v. 1.1-master released on 29.11.2021 by The Exelixis Lab.
Developed by: Alexey M. Kozlov and Alexandros Stamatakis.
Contributors: Diego Darriba, Tomas Flouri, Benoit Morel, Sarah Lutteropp, Ben Bettisworth.
Latest version: https://github.com/amkozlov/raxml-ng
Questions/problems/suggestions? Please visit: https://groups.google.com/forum/#!forum/raxml

System: Intel(R) Core(TM) i5-8279U CPU @ 2.40GHz, 4 cores, 16 GB RAM

RAxML-NG was called at 27-Apr-2023 21:40:40 as follows:

raxml-ng --check --msa ./muscle_segmented_compiled-HA.fasta --model GTR+G

Analysis options:
  run mode: Alignment validation
  start tree(s): 
  random seed: 1682649640
  SIMD kernels: AVX2
  parallelization: coarse-grained (auto), PTHREADS (auto)

[00:00:00] Reading alignment from file: ./muscle_segmented_compiled-HA.fasta
[00:00:00] Loaded alignment with 310 taxa and 1751 sites

WARNING: Sequences HA|HS1604_A.removed.parsed and HA|MH9045_A.removed.parsed are exactly identical!
WARNING: Sequences HA|HS1604_A.removed.parsed and HA|MH9045_B.removed.parsed are exactly identical!
WARNING: Sequences HA|PC1A.removed.parsed and HA|PC1B.removed.parsed are exactly identical!
WARNING: Sequences HA|PC2A.removed.parsed and HA|PC2B.removed.parsed are exactly identical!
WARNING: Sequences HA|HS1413_B.removed.parsed and HA|HS1451_A.removed.parsed are exactly identical!
WARNING: Sequences HA|HS1413_B.removed.parsed and HA|HS1473_A.removed.parsed are exactly identical!
WARNING: Sequences HA|HS1413_B.removed.parsed and HA|MH8129_A.removed.parsed are exactly identical!
WARNING: Sequences HA|HS1413_B.removed.parsed and HA|MH8129_B.removed.parsed are exactly identical!
WARNING: Sequences HA|HS1413_B.removed.parsed and HA|MH8165_A.removed.parsed are exactly identical!
WARNING: Sequences HA|HS1413_B.removed.parsed and HA|MH8165_B.removed.parsed are exactly identical!
WARNING: Sequences HA|HS1413_B.removed.parsed and HA|MH8185_B.removed.parsed are exactly identical!
WARNING: Sequences HA|HS1413_B.removed.parsed and HA|MH8396_A.removed.parsed are exactly identical!
WARNING: Sequences HA|HS1413_B.removed.parsed and HA|MH8396_B.removed.parsed are exactly identical!
WARNING: Sequences HA|HS1413_B.removed.parsed and HA|MH8589_A.removed.parsed are exactly identical!
WARNING: Sequences HA|HS1413_B.removed.parsed and HA|MH8589_B.removed.parsed are exactly identical!
WARNING: Sequences HA|HS1445_B.removed.parsed and HA|MH8090_A.removed.parsed are exactly identical!
WARNING: Sequences HA|HS1445_B.removed.parsed and HA|MH8090_B.removed.parsed are exactly identical!
WARNING: Sequences HA|HS1518_A.removed.parsed and HA|HS1518_B.removed.parsed are exactly identical!
WARNING: Sequences HA|HS1518_A.removed.parsed and HA|HS1519_A.removed.parsed are exactly identical!
WARNING: Sequences HA|HS1518_A.removed.parsed and HA|HS1519_B.removed.parsed are exactly identical!
WARNING: Sequences HA|HS1518_A.removed.parsed and HA|HS1520_B.removed.parsed are exactly identical!
WARNING: Sequences HA|HS1518_A.removed.parsed and HA|MH8443_B.removed.parsed are exactly identical!
WARNING: Sequences HA|HS1518_A.removed.parsed and HA|MH8444_B.removed.parsed are exactly identical!
WARNING: Sequences HA|HS1518_A.removed.parsed and HA|MH8445_B.removed.parsed are exactly identical!
WARNING: Sequences HA|HS1457_A.removed.parsed and HA|HS1457_B.removed.parsed are exactly identical!
WARNING: Sequences HA|HS1457_A.removed.parsed and HA|MH8132_A.removed.parsed are exactly identical!
WARNING: Sequences HA|MH7796_A.removed.parsed and HA|MH7796_B.removed.parsed are exactly identical!
WARNING: Sequences HA|HS1313_B.removed.parsed and HA|HS1327_B.removed.parsed are exactly identical!
WARNING: Sequences HA|HS1313_B.removed.parsed and HA|HS1328_B.removed.parsed are exactly identical!
WARNING: Sequences HA|HS1313_B.removed.parsed and HA|HS1335_B.removed.parsed are exactly identical!
WARNING: Sequences HA|HS1313_B.removed.parsed and HA|HS1336_B.removed.parsed are exactly identical!
WARNING: Sequences HA|HS1313_B.removed.parsed and HA|HS1369_A.removed.parsed are exactly identical!
WARNING: Sequences HA|HS1313_B.removed.parsed and HA|HS1387_B.removed.parsed are exactly identical!
WARNING: Sequences HA|HS1313_B.removed.parsed and HA|HS1392_A.removed.parsed are exactly identical!
WARNING: Sequences HA|HS1313_B.removed.parsed and HA|HS1393_B.removed.parsed are exactly identical!
WARNING: Sequences HA|HS1313_B.removed.parsed and HA|HS1505_A.removed.parsed are exactly identical!
WARNING: Sequences HA|HS1313_B.removed.parsed and HA|HS1562_A.removed.parsed are exactly identical!
WARNING: Sequences HA|HS1313_B.removed.parsed and HA|HS1562_B.removed.parsed are exactly identical!
WARNING: Sequences HA|HS1313_B.removed.parsed and HA|HS1563_A.removed.parsed are exactly identical!
WARNING: Sequences HA|HS1313_B.removed.parsed and HA|HS1564_A.removed.parsed are exactly identical!
WARNING: Sequences HA|HS1313_B.removed.parsed and HA|MH7346_B.removed.parsed are exactly identical!
WARNING: Sequences HA|HS1313_B.removed.parsed and HA|MH7520_A.removed.parsed are exactly identical!
WARNING: Sequences HA|HS1313_B.removed.parsed and HA|MH7520_B.removed.parsed are exactly identical!
WARNING: Sequences HA|HS1313_B.removed.parsed and HA|MH7564_A.removed.parsed are exactly identical!
WARNING: Sequences HA|HS1313_B.removed.parsed and HA|MH7564_B.removed.parsed are exactly identical!
WARNING: Sequences HA|HS1313_B.removed.parsed and HA|MH7565_B.removed.parsed are exactly identical!
WARNING: Sequences HA|HS1313_B.removed.parsed and HA|MH7611_A.removed.parsed are exactly identical!
WARNING: Sequences HA|HS1313_B.removed.parsed and HA|MH7611_B.removed.parsed are exactly identical!
WARNING: Sequences HA|HS1313_B.removed.parsed and HA|MH7612_A.removed.parsed are exactly identical!
WARNING: Sequences HA|HS1313_B.removed.parsed and HA|MH7804_A.removed.parsed are exactly identical!
WARNING: Sequences HA|HS1313_B.removed.parsed and HA|MH7804_B.removed.parsed are exactly identical!
WARNING: Sequences HA|HS1313_B.removed.parsed and HA|MH7844_A.removed.parsed are exactly identical!
WARNING: Sequences HA|HS1313_B.removed.parsed and HA|MH7844_B.removed.parsed are exactly identical!
WARNING: Sequences HA|HS1313_B.removed.parsed and HA|MH7851_A.removed.parsed are exactly identical!
WARNING: Sequences HA|HS1313_B.removed.parsed and HA|MH7851_B.removed.parsed are exactly identical!
WARNING: Sequences HA|HS1313_B.removed.parsed and HA|MH8052_A.removed.parsed are exactly identical!
WARNING: Sequences HA|HS1313_B.removed.parsed and HA|MH8052_B.removed.parsed are exactly identical!
WARNING: Sequences HA|HS1313_B.removed.parsed and HA|MH8137_A.removed.parsed are exactly identical!
WARNING: Sequences HA|HS1313_B.removed.parsed and HA|MH8137_B.removed.parsed are exactly identical!
WARNING: Sequences HA|HS1313_B.removed.parsed and HA|MH8391_A.removed.parsed are exactly identical!
WARNING: Sequences HA|HS1313_B.removed.parsed and HA|MH8391_B.removed.parsed are exactly identical!
WARNING: Sequences HA|HS1313_B.removed.parsed and HA|MH8392_A.removed.parsed are exactly identical!
WARNING: Sequences HA|HS1313_B.removed.parsed and HA|MH8392_B.removed.parsed are exactly identical!
WARNING: Sequences HA|HS1313_B.removed.parsed and HA|MH8586_A.removed.parsed are exactly identical!
WARNING: Sequences HA|HS1313_B.removed.parsed and HA|MH8586_B.removed.parsed are exactly identical!
WARNING: Sequences HA|HS1313_B.removed.parsed and HA|MH8688_A.removed.parsed are exactly identical!
WARNING: Sequences HA|HS1313_B.removed.parsed and HA|MH8688_B.removed.parsed are exactly identical!
WARNING: Sequences HA|HS1313_B.removed.parsed and HA|MH8689_B.removed.parsed are exactly identical!
WARNING: Sequences HA|HS1313_B.removed.parsed and HA|MH8690_A.removed.parsed are exactly identical!
WARNING: Sequences HA|HS1313_B.removed.parsed and HA|MH8690_B.removed.parsed are exactly identical!
WARNING: Sequences HA|HS1313_B.removed.parsed and HA|MH8691_B.removed.parsed are exactly identical!
WARNING: Sequences HA|HS1313_B.removed.parsed and HA|MH9017_B.removed.parsed are exactly identical!
WARNING: Sequences HA|HS1500_A.removed.parsed and HA|HS1510_A.removed.parsed are exactly identical!
WARNING: Sequences HA|HS1500_A.removed.parsed and HA|MH8354_B.removed.parsed are exactly identical!
WARNING: Sequences HA|HS1500_A.removed.parsed and HA|MH8424_B.removed.parsed are exactly identical!
WARNING: Sequences HA|HS1405_B.removed.parsed and HA|MH7860_A.removed.parsed are exactly identical!
WARNING: Sequences HA|HS1405_B.removed.parsed and HA|MH7860_B.removed.parsed are exactly identical!
WARNING: Sequences HA|HS1425_A.removed.parsed and HA|HS1425_B.removed.parsed are exactly identical!
WARNING: Sequences HA|MH8447_A.removed.parsed and HA|MH8447_B.removed.parsed are exactly identical!
WARNING: Sequences HA|HS1342_B.removed.parsed and HA|HS1352_A.removed.parsed are exactly identical!
WARNING: Sequences HA|HS1342_B.removed.parsed and HA|HS1357_A.removed.parsed are exactly identical!
WARNING: Sequences HA|HS1342_B.removed.parsed and HA|HS1357_B.removed.parsed are exactly identical!
WARNING: Sequences HA|HS1342_B.removed.parsed and HA|HS1388_B.removed.parsed are exactly identical!
WARNING: Sequences HA|HS1342_B.removed.parsed and HA|HS1394_B.removed.parsed are exactly identical!
WARNING: Sequences HA|HS1342_B.removed.parsed and HA|HS1395_B.removed.parsed are exactly identical!
WARNING: Sequences HA|HS1342_B.removed.parsed and HA|HS1516_A.removed.parsed are exactly identical!
WARNING: Sequences HA|HS1342_B.removed.parsed and HA|HS1516_B.removed.parsed are exactly identical!
WARNING: Sequences HA|HS1342_B.removed.parsed and HA|HS1543_A.removed.parsed are exactly identical!
WARNING: Sequences HA|HS1342_B.removed.parsed and HA|HS1543_B.removed.parsed are exactly identical!
WARNING: Sequences HA|HS1342_B.removed.parsed and HA|HS1544_B.removed.parsed are exactly identical!
WARNING: Sequences HA|HS1342_B.removed.parsed and HA|MH7797_A.removed.parsed are exactly identical!
WARNING: Sequences HA|HS1342_B.removed.parsed and HA|MH7842_B.removed.parsed are exactly identical!
WARNING: Sequences HA|HS1342_B.removed.parsed and HA|MH7843_A.removed.parsed are exactly identical!
WARNING: Sequences HA|HS1342_B.removed.parsed and HA|MH7843_B.removed.parsed are exactly identical!
WARNING: Sequences HA|HS1342_B.removed.parsed and HA|MH8177_B.removed.parsed are exactly identical!
WARNING: Sequences HA|HS1342_B.removed.parsed and HA|MH8183_A.removed.parsed are exactly identical!
WARNING: Sequences HA|HS1342_B.removed.parsed and HA|MH8183_B.removed.parsed are exactly identical!
WARNING: Sequences HA|HS1342_B.removed.parsed and HA|MH8439_A.removed.parsed are exactly identical!
WARNING: Sequences HA|HS1342_B.removed.parsed and HA|MH8439_B.removed.parsed are exactly identical!
WARNING: Sequences HA|HS1342_B.removed.parsed and HA|MH8594_A.removed.parsed are exactly identical!
WARNING: Sequences HA|MH7845_A.removed.parsed and HA|MH7845_B.removed.parsed are exactly identical!
WARNING: Sequences HA|HS1434_B.removed.parsed and HA|HS1463_A.removed.parsed are exactly identical!
WARNING: Sequences HA|HS1434_B.removed.parsed and HA|HS1465_A.removed.parsed are exactly identical!
WARNING: Sequences HA|HS1434_B.removed.parsed and HA|HS1465_B.removed.parsed are exactly identical!
WARNING: Sequences HA|HS1434_B.removed.parsed and HA|HS1506_A.removed.parsed are exactly identical!
WARNING: Sequences HA|HS1434_B.removed.parsed and HA|MH8041_A.removed.parsed are exactly identical!
WARNING: Sequences HA|HS1434_B.removed.parsed and HA|MH8158_A.removed.parsed are exactly identical!
WARNING: Sequences HA|HS1434_B.removed.parsed and HA|MH8158_B.removed.parsed are exactly identical!
WARNING: Sequences HA|HS1434_B.removed.parsed and HA|MH8159_A.removed.parsed are exactly identical!
WARNING: Sequences HA|HS1434_B.removed.parsed and HA|MH8159_B.removed.parsed are exactly identical!
WARNING: Sequences HA|HS1340_A.removed.parsed and HA|HS1364_A.removed.parsed are exactly identical!
WARNING: Sequences HA|HS1340_A.removed.parsed and HA|HS1364_B.removed.parsed are exactly identical!
WARNING: Sequences HA|HS1340_A.removed.parsed and HA|HS1381_A.removed.parsed are exactly identical!
WARNING: Sequences HA|HS1340_A.removed.parsed and HA|HS1381_B.removed.parsed are exactly identical!
WARNING: Sequences HA|HS1340_A.removed.parsed and HA|HS1474_A.removed.parsed are exactly identical!
WARNING: Sequences HA|HS1340_A.removed.parsed and HA|MH7492_B.removed.parsed are exactly identical!
WARNING: Sequences HA|HS1340_A.removed.parsed and HA|MH7627_B.removed.parsed are exactly identical!
WARNING: Sequences HA|HS1340_A.removed.parsed and HA|MH7800_A.removed.parsed are exactly identical!
WARNING: Sequences HA|HS1340_A.removed.parsed and HA|MH7800_B.removed.parsed are exactly identical!
WARNING: Sequences HA|HS1340_A.removed.parsed and HA|MH8186_A.removed.parsed are exactly identical!
WARNING: Sequences HA|HS1340_A.removed.parsed and HA|MH8186_B.removed.parsed are exactly identical!
WARNING: Sequences HA|HS1341_A.removed.parsed and HA|HS1341_B.removed.parsed are exactly identical!
WARNING: Sequences HA|HS1341_A.removed.parsed and HA|HS1375_A.removed.parsed are exactly identical!
WARNING: Sequences HA|HS1341_A.removed.parsed and HA|HS1375_B.removed.parsed are exactly identical!
WARNING: Sequences HA|HS1427_A.removed.parsed and HA|HS1427_B.removed.parsed are exactly identical!
WARNING: Sequences HA|HS1427_A.removed.parsed and HA|HS1460_A.removed.parsed are exactly identical!
WARNING: Sequences HA|HS1427_A.removed.parsed and HA|MH7642_B.removed.parsed are exactly identical!
WARNING: Sequences HA|HS1427_A.removed.parsed and HA|MH7953_A.removed.parsed are exactly identical!
WARNING: Sequences HA|HS1427_A.removed.parsed and HA|MH7953_B.removed.parsed are exactly identical!
WARNING: Sequences HA|HS1427_A.removed.parsed and HA|MH8127_A.removed.parsed are exactly identical!
WARNING: Sequences HA|HS1427_A.removed.parsed and HA|MH8127_B.removed.parsed are exactly identical!
WARNING: Sequences HA|HS1427_A.removed.parsed and HA|MH8160_A.removed.parsed are exactly identical!
WARNING: Sequences HA|HS1427_A.removed.parsed and HA|MH8160_B.removed.parsed are exactly identical!
WARNING: Sequences HA|HS1455_A.removed.parsed and HA|HS1455_B.removed.parsed are exactly identical!
WARNING: Sequences HA|HS1450_A.removed.parsed and HA|HS1514_A.removed.parsed are exactly identical!
WARNING: Sequences HA|HS1450_A.removed.parsed and HA|HS1532_A.removed.parsed are exactly identical!
WARNING: Sequences HA|HS1450_A.removed.parsed and HA|HS1532_B.removed.parsed are exactly identical!
WARNING: Sequences HA|HS1450_A.removed.parsed and HA|MH8133_A.removed.parsed are exactly identical!
WARNING: Sequences HA|HS1450_A.removed.parsed and HA|MH8309_A.removed.parsed are exactly identical!
WARNING: Sequences HA|HS1450_A.removed.parsed and HA|MH8309_B.removed.parsed are exactly identical!
WARNING: Sequences HA|HS1484_A.removed.parsed and HA|HS1484_B.removed.parsed are exactly identical!
WARNING: Sequences HA|HS1517_B.removed.parsed and HA|MH8442_B.removed.parsed are exactly identical!
WARNING: Sequences HA|HS1566_A.removed.parsed and HA|HS1566_B.removed.parsed are exactly identical!
WARNING: Sequences HA|HS1566_A.removed.parsed and HA|HS1567_A.removed.parsed are exactly identical!
WARNING: Sequences HA|HS1566_A.removed.parsed and HA|HS1567_B.removed.parsed are exactly identical!
WARNING: Sequences HA|HS1566_A.removed.parsed and HA|MH8700_A.removed.parsed are exactly identical!
WARNING: Sequences HA|HS1566_A.removed.parsed and HA|MH8700_B.removed.parsed are exactly identical!
WARNING: Sequences HA|HS1573_A.removed.parsed and HA|HS1573_B.removed.parsed are exactly identical!
WARNING: Sequences HA|HS1573_A.removed.parsed and HA|MH8765_B.removed.parsed are exactly identical!
WARNING: Sequences HA|HS1595_B.removed.parsed and HA|HS1597_A.removed.parsed are exactly identical!
WARNING: Sequences HA|HS1595_B.removed.parsed and HA|MH8924_A.removed.parsed are exactly identical!
WARNING: Sequences HA|HS1595_B.removed.parsed and HA|MH8924_B.removed.parsed are exactly identical!
WARNING: Sequences HA|HS1595_B.removed.parsed and HA|MH8925_A.removed.parsed are exactly identical!
WARNING: Sequences HA|HS1595_B.removed.parsed and HA|MH8925_B.removed.parsed are exactly identical!
WARNING: Sequences HA|HS1596_A.removed.parsed and HA|MH8922_A.removed.parsed are exactly identical!
WARNING: Sequences HA|HS1596_A.removed.parsed and HA|MH8922_B.removed.parsed are exactly identical!
WARNING: Sequences HA|HS1507_A.removed.parsed and HA|MH8386_A.removed.parsed are exactly identical!
WARNING: Sequences HA|HS1507_A.removed.parsed and HA|MH8386_B.removed.parsed are exactly identical!
WARNING: Sequences HA|HS1390_A.removed.parsed and HA|HS1391_B.removed.parsed are exactly identical!
WARNING: Sequences HA|HS1390_A.removed.parsed and HA|MH7852_B.removed.parsed are exactly identical!
WARNING: Sequences HA|HS1530_A.removed.parsed and HA|HS1530_B.removed.parsed are exactly identical!
WARNING: Sequences HA|HS1530_A.removed.parsed and HA|HS1531_A.removed.parsed are exactly identical!
WARNING: Sequences HA|HS1530_A.removed.parsed and HA|HS1531_B.removed.parsed are exactly identical!
WARNING: Sequences HA|HS1530_A.removed.parsed and HA|MH8592_A.removed.parsed are exactly identical!
WARNING: Sequences HA|HS1554_A.removed.parsed and HA|MH8714_A.removed.parsed are exactly identical!
WARNING: Sequences HA|HS1351_A.removed.parsed and HA|HS1401_A.removed.parsed are exactly identical!
WARNING: Sequences HA|HS1351_A.removed.parsed and HA|HS1401_B.removed.parsed are exactly identical!
WARNING: Sequences HA|HS1351_A.removed.parsed and HA|HS1402_A.removed.parsed are exactly identical!
WARNING: Sequences HA|HS1351_A.removed.parsed and HA|HS1402_B.removed.parsed are exactly identical!
WARNING: Sequences HA|HS1351_A.removed.parsed and HA|HS1525_A.removed.parsed are exactly identical!
WARNING: Sequences HA|HS1351_A.removed.parsed and HA|HS1525_B.removed.parsed are exactly identical!
WARNING: Sequences HA|HS1351_A.removed.parsed and HA|MH7687_A.removed.parsed are exactly identical!
WARNING: Sequences HA|HS1351_A.removed.parsed and HA|MH7687_B.removed.parsed are exactly identical!
WARNING: Sequences HA|HS1351_A.removed.parsed and HA|MH7855_A.removed.parsed are exactly identical!
WARNING: Sequences HA|HS1351_A.removed.parsed and HA|MH7855_B.removed.parsed are exactly identical!
WARNING: Sequences HA|HS1351_A.removed.parsed and HA|MH8450_A.removed.parsed are exactly identical!
WARNING: Sequences HA|HS1351_A.removed.parsed and HA|MH8451_B.removed.parsed are exactly identical!
WARNING: Sequences HA|MH7390_A.removed.parsed and HA|MH7390_B.removed.parsed are exactly identical!
WARNING: Sequences HA|MH7390_A.removed.parsed and HA|MH7440_A.removed.parsed are exactly identical!
WARNING: Sequences HA|MH7390_A.removed.parsed and HA|MH7440_B.removed.parsed are exactly identical!
WARNING: Sequences HA|HS1250_A.removed.parsed and HA|HS1253_A.removed.parsed are exactly identical!
WARNING: Sequences HA|HS1250_A.removed.parsed and HA|HS1294_A.removed.parsed are exactly identical!
WARNING: Sequences HA|HS1250_A.removed.parsed and HA|HS1294_B.removed.parsed are exactly identical!
WARNING: Sequences HA|HS1250_A.removed.parsed and HA|MH7385_A.removed.parsed are exactly identical!
WARNING: Sequences HA|HS1250_A.removed.parsed and HA|MH7385_B.removed.parsed are exactly identical!
WARNING: Sequences HA|HS1345_A.removed.parsed and HA|HS1345_B.removed.parsed are exactly identical!
WARNING: Sequences HA|HS1345_A.removed.parsed and HA|HS1416_A.removed.parsed are exactly identical!
WARNING: Sequences HA|HS1345_A.removed.parsed and HA|HS1416_B.removed.parsed are exactly identical!
WARNING: Sequences HA|HS1345_A.removed.parsed and HA|MH7890_A.removed.parsed are exactly identical!
WARNING: Sequences HA|HS1345_A.removed.parsed and HA|MH7890_B.removed.parsed are exactly identical!
WARNING: Sequences HA|HS1376_B.removed.parsed and HA|MH7755_A.removed.parsed are exactly identical!
WARNING: Sequences HA|HS1376_B.removed.parsed and HA|MH7755_B.removed.parsed are exactly identical!
WARNING: Sequences HA|HS1417_A.removed.parsed and HA|HS1417_B.removed.parsed are exactly identical!
WARNING: Sequences HA|HS1417_A.removed.parsed and HA|HS1448_A.removed.parsed are exactly identical!
WARNING: Sequences HA|HS1417_A.removed.parsed and HA|HS1448_B.removed.parsed are exactly identical!
WARNING: Sequences HA|HS1417_A.removed.parsed and HA|MH7891_A.removed.parsed are exactly identical!
WARNING: Sequences HA|HS1417_A.removed.parsed and HA|MH7891_B.removed.parsed are exactly identical!
WARNING: Sequences HA|HS1417_A.removed.parsed and HA|MH8125_A.removed.parsed are exactly identical!
WARNING: Sequences HA|HS1417_A.removed.parsed and HA|MH8125_B.removed.parsed are exactly identical!
WARNING: Sequences HA|HS1417_A.removed.parsed and HA|MH8126_A.removed.parsed are exactly identical!
WARNING: Sequences HA|HS1417_A.removed.parsed and HA|MH8126_B.removed.parsed are exactly identical!
WARNING: Sequences HA|MH8088_A.removed.parsed and HA|MH8089_A.removed.parsed are exactly identical!
WARNING: Sequences HA|MH8088_A.removed.parsed and HA|MH8089_B.removed.parsed are exactly identical!
WARNING: Sequences HA|HS1255_A.removed.parsed and HA|HS1256_A.removed.parsed are exactly identical!
WARNING: Sequences HA|HS1255_A.removed.parsed and HA|HS1284_B.removed.parsed are exactly identical!
WARNING: Sequences HA|HS1255_A.removed.parsed and HA|HS1325_B.removed.parsed are exactly identical!
WARNING: Sequences HA|HS1255_A.removed.parsed and HA|HS1367_A.removed.parsed are exactly identical!
WARNING: Sequences HA|HS1255_A.removed.parsed and HA|HS1408_B.removed.parsed are exactly identical!
WARNING: Sequences HA|HS1255_A.removed.parsed and HA|HS1409_A.removed.parsed are exactly identical!
WARNING: Sequences HA|HS1255_A.removed.parsed and HA|HS1409_B.removed.parsed are exactly identical!
WARNING: Sequences HA|HS1255_A.removed.parsed and HA|HS1411_A.removed.parsed are exactly identical!
WARNING: Sequences HA|HS1255_A.removed.parsed and HA|HS1421_A.removed.parsed are exactly identical!
WARNING: Sequences HA|HS1255_A.removed.parsed and HA|HS1421_B.removed.parsed are exactly identical!
WARNING: Sequences HA|HS1255_A.removed.parsed and HA|HS1461_A.removed.parsed are exactly identical!
WARNING: Sequences HA|HS1255_A.removed.parsed and HA|HS1461_B.removed.parsed are exactly identical!
WARNING: Sequences HA|HS1255_A.removed.parsed and HA|HS1487_A.removed.parsed are exactly identical!
WARNING: Sequences HA|HS1255_A.removed.parsed and HA|HS1487_B.removed.parsed are exactly identical!
WARNING: Sequences HA|HS1255_A.removed.parsed and HA|HS1509_A.removed.parsed are exactly identical!
WARNING: Sequences HA|HS1255_A.removed.parsed and HA|HS1535_A.removed.parsed are exactly identical!
WARNING: Sequences HA|HS1255_A.removed.parsed and HA|HS1535_B.removed.parsed are exactly identical!
WARNING: Sequences HA|HS1255_A.removed.parsed and HA|HS1536_A.removed.parsed are exactly identical!
WARNING: Sequences HA|HS1255_A.removed.parsed and HA|HS1536_B.removed.parsed are exactly identical!
WARNING: Sequences HA|HS1255_A.removed.parsed and HA|HS1537_A.removed.parsed are exactly identical!
WARNING: Sequences HA|HS1255_A.removed.parsed and HA|MH7389_A.removed.parsed are exactly identical!
WARNING: Sequences HA|HS1255_A.removed.parsed and HA|MH7391_A.removed.parsed are exactly identical!
WARNING: Sequences HA|HS1255_A.removed.parsed and HA|MH7391_B.removed.parsed are exactly identical!
WARNING: Sequences HA|HS1255_A.removed.parsed and HA|MH7409_A.removed.parsed are exactly identical!
WARNING: Sequences HA|HS1255_A.removed.parsed and HA|MH7409_B.removed.parsed are exactly identical!
WARNING: Sequences HA|HS1255_A.removed.parsed and HA|MH7455_B.removed.parsed are exactly identical!
WARNING: Sequences HA|HS1255_A.removed.parsed and HA|MH7505_A.removed.parsed are exactly identical!
WARNING: Sequences HA|HS1255_A.removed.parsed and HA|MH7505_B.removed.parsed are exactly identical!
WARNING: Sequences HA|HS1255_A.removed.parsed and HA|MH7884_A.removed.parsed are exactly identical!
WARNING: Sequences HA|HS1255_A.removed.parsed and HA|MH7884_B.removed.parsed are exactly identical!
WARNING: Sequences HA|HS1255_A.removed.parsed and HA|MH7885_A.removed.parsed are exactly identical!
WARNING: Sequences HA|HS1255_A.removed.parsed and HA|MH7885_B.removed.parsed are exactly identical!
WARNING: Sequences HA|HS1255_A.removed.parsed and HA|MH7886_A.removed.parsed are exactly identical!
WARNING: Sequences HA|HS1255_A.removed.parsed and HA|MH7886_B.removed.parsed are exactly identical!
WARNING: Sequences HA|HS1255_A.removed.parsed and HA|MH7887_A.removed.parsed are exactly identical!
WARNING: Sequences HA|HS1255_A.removed.parsed and HA|MH7905_A.removed.parsed are exactly identical!
WARNING: Sequences HA|HS1255_A.removed.parsed and HA|MH7905_B.removed.parsed are exactly identical!
WARNING: Sequences HA|HS1255_A.removed.parsed and HA|MH8086_B.removed.parsed are exactly identical!
WARNING: Sequences HA|HS1255_A.removed.parsed and HA|MH8155_B.removed.parsed are exactly identical!
WARNING: Sequences HA|HS1255_A.removed.parsed and HA|MH8308_A.removed.parsed are exactly identical!
WARNING: Sequences HA|HS1255_A.removed.parsed and HA|MH8308_B.removed.parsed are exactly identical!
WARNING: Sequences HA|HS1255_A.removed.parsed and HA|MH8390_A.removed.parsed are exactly identical!
WARNING: Sequences HA|HS1255_A.removed.parsed and HA|MH8390_B.removed.parsed are exactly identical!
WARNING: Sequences HA|HS1255_A.removed.parsed and HA|MH8588_A.removed.parsed are exactly identical!
WARNING: Sequences HA|HS1255_A.removed.parsed and HA|MH8611_A.removed.parsed are exactly identical!
WARNING: Sequences HA|HS1255_A.removed.parsed and HA|MH8692_A.removed.parsed are exactly identical!
WARNING: Sequences HA|HS1255_A.removed.parsed and HA|MH8692_B.removed.parsed are exactly identical!
WARNING: Sequences HA|HS1349_A.removed.parsed and HA|MH8178_A.removed.parsed are exactly identical!
WARNING: Sequences HA|HS1349_A.removed.parsed and HA|MH8393_B.removed.parsed are exactly identical!
WARNING: Sequences HA|HS1385_A.removed.parsed and HA|MH7799_A.removed.parsed are exactly identical!
WARNING: Sequences HA|HS1385_A.removed.parsed and HA|MH7799_B.removed.parsed are exactly identical!
WARNING: Sequences HA|HS1579_A.removed.parsed and HA|HS1579_B.removed.parsed are exactly identical!
WARNING: Sequences HA|HS1579_A.removed.parsed and HA|MH8766_B.removed.parsed are exactly identical!
WARNING: Sequences HA|MH8156_A.removed.parsed and HA|MH8156_B.removed.parsed are exactly identical!
WARNING: Duplicate sequences found: 257

NOTE: Reduced alignment (with duplicates and gap-only sites/taxa removed) 
NOTE: was saved to: /Users/rieshunter/Library/CloudStorage/GoogleDrive-hries@wisc.edu/Shared drives/TCF lab/Current Lab Members/Hunter_Ries/_Admin/Thesis/Coursework/Phylo/myProject/data/HK/muscle_segmented_compiled-HA.fasta.raxml.reduced.phy

Alignment comprises 1 partitions and 1751 sites

Partition 0: noname
Model: GTR+FO+G4m
Alignment sites: 1751
Gaps: 0.00 %
Invariant sites: 93.55 %



Alignment can be successfully read by RAxML-NG.


Execution log saved to: /Users/rieshunter/Library/CloudStorage/GoogleDrive-hries@wisc.edu/Shared drives/TCF lab/Current Lab Members/Hunter_Ries/_Admin/Thesis/Coursework/Phylo/myProject/data/HK/muscle_segmented_compiled-HA.fasta.raxml.log

Analysis started: 27-Apr-2023 21:40:40 / finished: 27-Apr-2023 21:40:40

Elapsed time: 0.023 seconds

